<?xml version="1.0" encoding="UTF-8"?>
<testsuites name="Release_v2.0" time="69.455" tests="1" failures="0" errors="0">
   <testsuite name="Release_v2.0" tests="1" failures="0" errors="0" time="69.455" skipped="0" timestamp="28-02-2024T21:20:33" hostname="syidi - Syidik" id="Test Suites/Release_v2.0">
      <properties>
         <property name="deviceName" value="samsung SM-G985F (Android 13)"/>
         <property name="devicePlatform" value=""/>
         <property name="logFolder" value="C:\\Users\\syidi\\Katalon Studio\\FinalProject3-Syidik-FunctionalTest\\Reports\\20240228_212027\\Release_v2.0\\20240228_212027"/>
         <property name="logFiles" value="C:\\Users\\syidi\\Katalon Studio\\FinalProject3-Syidik-FunctionalTest\\Reports\\20240228_212027\\Release_v2.0\\20240228_212027\\appium.log, C:\\Users\\syidi\\Katalon Studio\\FinalProject3-Syidik-FunctionalTest\\Reports\\20240228_212027\\Release_v2.0\\20240228_212027\\appium_error.log, C:\\Users\\syidi\\Katalon Studio\\FinalProject3-Syidik-FunctionalTest\\Reports\\20240228_212027\\Release_v2.0\\20240228_212027\\execution0.log"/>
         <property name="attachments" value=""/>
         <property name="hostName" value="syidi - Syidik"/>
         <property name="os" value="Windows 11 64bit"/>
         <property name="appiumServerStatus" value="{&quot;value&quot;:{&quot;ready&quot;:true,&quot;message&quot;:&quot;The server is ready to accept new connections&quot;,&quot;build&quot;:{&quot;version&quot;:&quot;2.5.1&quot;}}}"/>
         <property name="katalonVersion" value="9.3.0.212"/>
         <property name="deviceOS" value="Android"/>
         <property name="appiumVersion" value="2.5.1"/>
         <property name="deviceModel" value="SM-G985F"/>
         <property name="hostAddress" value="192.168.1.12"/>
         <property name="deviceManufacturer" value="samsung"/>
         <property name="deviceId" value="RR8N201JL8Z"/>
         <property name="deviceName" value="samsung SM-G985F (Android 13)"/>
         <property name="deviceOSVersion" value="13"/>
      </properties>
      <testcase name="Test Cases/Mobile" time="69.317" classname="Test Cases/Mobile" status="PASSED">
         <system-out><![CDATA[28-02-2024T21:20:33 - [TEST_CASE][PASSED] - Test Cases/Mobile: Test Cases/Mobile

28-02-2024T21:20:33 - [TEST_STEP][PASSED] - testData = findTestData("Data Files/DataTest"): null

28-02-2024T21:20:33 - [TEST_STEP][PASSED] - email = testData.getObjectValue("email", 1): null

28-02-2024T21:20:33 - [TEST_STEP][PASSED] - password = testData.getObjectValue("password", 1): null

28-02-2024T21:20:33 - [TEST_STEP][PASSED] - startApplication("E:\zalora.apk", true): Started app at: 'E:\zalora.apk'

28-02-2024T21:20:34 - [MESSAGE][INFO] - Detected NodeJS location: "D:\Program Files (x86)\nodejs\node.exe"

28-02-2024T21:20:39 - [MESSAGE][INFO] - PATH: D:\Program Files (x86)\nodejs;

28-02-2024T21:20:39 - [MESSAGE][INFO] - APPIUM_HOME: C:\Users\syidi\.appium

28-02-2024T21:20:39 - [MESSAGE][INFO] - appium outlog: C:\Users\syidi\Katalon Studio\FinalProject3-Syidik-FunctionalTest\Reports\20240228_212027\Release_v2.0\20240228_212027\appium.log

28-02-2024T21:20:39 - [MESSAGE][INFO] - appium errlog: C:\Users\syidi\Katalon Studio\FinalProject3-Syidik-FunctionalTest\Reports\20240228_212027\Release_v2.0\20240228_212027\appium_error.log

28-02-2024T21:20:41 - [MESSAGE][INFO] - Appium server started on port 59,663

28-02-2024T21:21:11 - [MESSAGE][PASSED] - Started app at: 'E:\zalora.apk'

28-02-2024T21:21:11 - [TEST_STEP][PASSED] - tap(findTestObject("Object Repository/Mobile/Login/Page - Login"), 0): Tapped on element 'Object Repository/Mobile/Login/Page - Login'

28-02-2024T21:21:11 - [MESSAGE][WARNING] - Timeout '0' is invalid. Using default page load timeout: '30'

28-02-2024T21:21:15 - [MESSAGE][PASSED] - Tapped on element 'Object Repository/Mobile/Login/Page - Login'

28-02-2024T21:21:15 - [TEST_STEP][PASSED] - setText(findTestObject("Object Repository/Mobile/Login/EditText - Alamat Email"), email, 0): Text 'andri.rezaaa@gmail.com' has been set to element 'Object Repository/Mobile/Login/EditText - Alamat Email'

28-02-2024T21:21:15 - [MESSAGE][WARNING] - Timeout '0' is invalid. Using default page load timeout: '30'

28-02-2024T21:21:21 - [MESSAGE][PASSED] - Text 'andri.rezaaa@gmail.com' has been set to element 'Object Repository/Mobile/Login/EditText - Alamat Email'

28-02-2024T21:21:21 - [TEST_STEP][PASSED] - setText(findTestObject("Object Repository/Mobile/Login/EditText - Password"), password, 0): Text 'adreno115' has been set to element 'Object Repository/Mobile/Login/EditText - Password'

28-02-2024T21:21:21 - [MESSAGE][WARNING] - Timeout '0' is invalid. Using default page load timeout: '30'

28-02-2024T21:21:25 - [MESSAGE][PASSED] - Text 'adreno115' has been set to element 'Object Repository/Mobile/Login/EditText - Password'

28-02-2024T21:21:25 - [TEST_STEP][PASSED] - tap(findTestObject("Object Repository/Mobile/Login/Button - Masuk"), 0, OPTIONAL): Tapped on element 'Object Repository/Mobile/Login/Button - Masuk'

28-02-2024T21:21:25 - [MESSAGE][WARNING] - Timeout '0' is invalid. Using default page load timeout: '30'

28-02-2024T21:21:26 - [MESSAGE][PASSED] - Tapped on element 'Object Repository/Mobile/Login/Button - Masuk'

28-02-2024T21:21:26 - [TEST_STEP][PASSED] - tap(findTestObject("Object Repository/Mobile/Product/Button - SHOP PRIA"), 0, OPTIONAL): Tapped on element 'Object Repository/Mobile/Product/Button - SHOP PRIA'

28-02-2024T21:21:26 - [MESSAGE][WARNING] - Timeout '0' is invalid. Using default page load timeout: '30'

28-02-2024T21:21:30 - [MESSAGE][PASSED] - Tapped on element 'Object Repository/Mobile/Product/Button - SHOP PRIA'

28-02-2024T21:21:30 - [TEST_STEP][PASSED] - tap(findTestObject("Object Repository/Mobile/Product/Page - Produk"), 0, OPTIONAL): Tapped on element 'Object Repository/Mobile/Product/Page - Produk'

28-02-2024T21:21:30 - [MESSAGE][WARNING] - Timeout '0' is invalid. Using default page load timeout: '30'

28-02-2024T21:21:34 - [MESSAGE][PASSED] - Tapped on element 'Object Repository/Mobile/Product/Page - Produk'

28-02-2024T21:21:34 - [TEST_STEP][PASSED] - tap(findTestObject("Object Repository/Mobile/Product/Button - Pesan"), 0, OPTIONAL): Tapped on element 'Object Repository/Mobile/Product/Button - Pesan'

28-02-2024T21:21:34 - [MESSAGE][WARNING] - Timeout '0' is invalid. Using default page load timeout: '30'

28-02-2024T21:21:35 - [MESSAGE][PASSED] - Tapped on element 'Object Repository/Mobile/Product/Button - Pesan'

28-02-2024T21:21:35 - [TEST_STEP][PASSED] - tap(findTestObject("Object Repository/Mobile/Product/Page - Cart"), 0, OPTIONAL): Tapped on element 'Object Repository/Mobile/Product/Page - Cart'

28-02-2024T21:21:35 - [MESSAGE][WARNING] - Timeout '0' is invalid. Using default page load timeout: '30'

28-02-2024T21:21:40 - [MESSAGE][PASSED] - Tapped on element 'Object Repository/Mobile/Product/Page - Cart'

28-02-2024T21:21:40 - [TEST_STEP][PASSED] - closeApplication(): Close app successfully

28-02-2024T21:21:42 - [MESSAGE][PASSED] - Close app successfully]]></system-out>
         <system-err><![CDATA[]]></system-err>
      </testcase>
      <system-out><![CDATA[28-02-2024T21:20:33 - [TEST_SUITE][PASSED] - Release_v2.0: Test Cases/Mobile]]></system-out>
      <system-err><![CDATA[]]></system-err>
   </testsuite>
</testsuites>
